Thu Jul 13 17:28:02 CEST 2017
-----------------------------------------------------
+ for uf in '`git status --porcelain | xargs -I{} echo {} | cut -d'\'' '\'' -f2`'
+ git add data/src/1ES0229+200_VERITAS_2009_2012_2014ApJ...782...13A
+ for uf in '`git status --porcelain | xargs -I{} echo {} | cut -d'\'' '\'' -f2`'
+ git add proc/log/
++ id -u
+ '[' 1000 -eq 0 ']'
+ PATH=/usr/local/bin:/usr/bin:/bin:/usr/local/games:/usr/games
+ export PATH
+ '[' '' ']'
+ '[' -d /etc/profile.d ']'
+ for i in '/etc/profile.d/*.sh'
+ '[' -r /etc/profile.d/bash_completion.sh ']'
+ . /etc/profile.d/bash_completion.sh
++ '[' -n '4.3.30(1)-release' -a -n '' -a -z '' ']'
+ for i in '/etc/profile.d/*.sh'
+ '[' -r /etc/profile.d/gavo.sh ']'
+ . /etc/profile.d/gavo.sh
++ export GAVO_ROOT=/var/gavo
++ GAVO_ROOT=/var/gavo
+ unset i
+ '[' -n '4.3.30(1)-release' ']'
+ '[' -f /home/chbrandt/.bashrc ']'
+ . /home/chbrandt/.bashrc
++ case $- in
++ return
+ '[' -d /home/chbrandt/bin ']'
+ set -e
+ '[' 3 -eq 3 ']'
+ EVENT=IN_MODIFY
+ FILE=1ES0229+200_VERITAS_2009_2012_2014ApJ...782...13A
+ DIR=/home/chbrandt/data/shared_archive/veritas
+ [[ 1ES0229+200_VERITAS_2009_2012_2014ApJ...782...13A != .?* ]]
+ source /home/chbrandt/repos/veritas/proc/archive_update.fsh
++ set -ueE
+ return
+ git commit -am 'inotify change IN_MODIFY'
